<?xml version="1.0" encoding="UTF-8"?>
<testsuite xmlns:xsi="http://www.w3.org/2001/XMLSchema-instance" xsi:noNamespaceSchemaLocation="https://maven.apache.org/surefire/maven-surefire-plugin/xsd/surefire-test-report.xsd" version="3.0.2" name="com.knowledge.server.KnowledgeServerIntegrationTest" time="0.83" tests="3" errors="0" skipped="0" failures="0">
  <properties>
[...]
</properties>
  <testcase name="testRemoveDocument" classname="com.knowledge.server.KnowledgeServerIntegrationTest" time="0.688">
    <system-out><![CDATA[19:03:36.323 [main] INFO com.knowledge.server.repository.LuceneIndexRepository -- Lucene index initialized at: /var/folders/0d/d7z1v3_d78g0zy6rtqymvwsr0000gn/T/junit-8290698780233727142/index
19:03:36.791 [main] INFO com.knowledge.server.service.IndexService -- Indexed document: /var/folders/0d/d7z1v3_d78g0zy6rtqymvwsr0000gn/T/junit-8290698780233727142/test.txt
19:03:36.845 [main] INFO com.knowledge.server.service.IndexService -- Removed document: /var/folders/0d/d7z1v3_d78g0zy6rtqymvwsr0000gn/T/junit-8290698780233727142/test.txt
]]></system-out>
    <system-err><![CDATA[WARNING: A restricted method in java.lang.foreign.Linker has been called
WARNING: java.lang.foreign.Linker::downcallHandle has been called by the unnamed module
WARNING: Use --enable-native-access=ALL-UNNAMED to avoid a warning for this module

3月 13, 2026 7:03:36 下午 org.apache.lucene.store.MemorySegmentIndexInputProvider <init>
信息: Using MemorySegmentIndexInput and native madvise support with Java 21 or later; to disable start with -Dorg.apache.lucene.store.MMapDirectory.enableMemorySegments=false
3月 13, 2026 7:03:36 下午 org.apache.lucene.internal.vectorization.VectorizationProvider lookup
警告: Java vector incubator module is not readable. For optimal vector performance, pass '--add-modules jdk.incubator.vector' to enable Vector API.
]]></system-err>
  </testcase>
  <testcase name="testIndexAndSearch" classname="com.knowledge.server.KnowledgeServerIntegrationTest" time="0.065">
    <system-out><![CDATA[19:03:36.854 [main] INFO com.knowledge.server.repository.LuceneIndexRepository -- Lucene index initialized at: /var/folders/0d/d7z1v3_d78g0zy6rtqymvwsr0000gn/T/junit-14016452720490030961/index
19:03:36.912 [main] INFO com.knowledge.server.service.IndexService -- Indexed document: /var/folders/0d/d7z1v3_d78g0zy6rtqymvwsr0000gn/T/junit-14016452720490030961/test.txt
]]></system-out>
  </testcase>
  <testcase name="testSearchNoResults" classname="com.knowledge.server.KnowledgeServerIntegrationTest" time="0.066">
    <system-out><![CDATA[19:03:36.919 [main] INFO com.knowledge.server.repository.LuceneIndexRepository -- Lucene index initialized at: /var/folders/0d/d7z1v3_d78g0zy6rtqymvwsr0000gn/T/junit-4997303443185987267/index
19:03:36.979 [main] INFO com.knowledge.server.service.IndexService -- Indexed document: /var/folders/0d/d7z1v3_d78g0zy6rtqymvwsr0000gn/T/junit-4997303443185987267/test.txt
]]></system-out>
  </testcase>
</testsuite>